Loading configuration file...
Creating directories...
Standardising recording data...
...reducing pre-gain on rehasp_96k_nick_hvd0034_rep003.wav to .75 due to clipping...
...reducing pre-gain on rehasp_96k_nick_hvd0037_rep008.wav to .75 due to clipping...
...reducing pre-gain on rehasp_96k_nick_hvd0036_rep012.wav to .75 due to clipping...
...reducing pre-gain on rehasp_96k_nick_hvd0034_rep013.wav to .75 due to clipping...
...reducing pre-gain on rehasp_96k_nick_hvd0034_rep014.wav to .75 due to clipping...
...reducing pre-gain on rehasp_96k_nick_hvd0036_rep014.wav to .75 due to clipping...
...reducing pre-gain on rehasp_96k_nick_hvd0034_rep015.wav to .75 due to clipping...
...reducing pre-gain on rehasp_96k_nick_hvd0086_rep015.wav to .75 due to clipping...
...reducing pre-gain on rehasp_96k_nick_hvd0005_rep017.wav to .75 due to clipping...
...reducing pre-gain on rehasp_96k_nick_hvd0072_rep017.wav to .75 due to clipping...
...reducing pre-gain on rehasp_96k_nick_hvd0086_rep017.wav to .75 due to clipping...
...reducing pre-gain on rehasp_96k_nick_hvd0034_rep019.wav to .75 due to clipping...
...reducing pre-gain on rehasp_96k_nick_hvd0072_rep019.wav to .75 due to clipping...
...reducing pre-gain on rehasp_96k_nick_hvd0034_rep020.wav to .75 due to clipping...
...reducing pre-gain on rehasp_96k_nick_hvd0037_rep020.wav to .75 due to clipping...
...reducing pre-gain on rehasp_96k_nick_hvd0034_rep021.wav to .75 due to clipping...
...reducing pre-gain on rehasp_96k_nick_hvd0037_rep021.wav to .75 due to clipping...
...reducing pre-gain on rehasp_96k_nick_hvd0072_rep021.wav to .75 due to clipping...
...reducing pre-gain on rehasp_96k_nick_hvd0037_rep022.wav to .75 due to clipping...
...reducing pre-gain on rehasp_96k_nick_hvd0045_rep022.wav to .75 due to clipping...
...reducing pre-gain on rehasp_96k_nick_hvd0037_rep023.wav to .75 due to clipping...
...reducing pre-gain on rehasp_96k_nick_hvd0045_rep024.wav to .75 due to clipping...
...reducing pre-gain on rehasp_96k_nick_hvd0074_rep024.wav to .75 due to clipping...
...reducing pre-gain on rehasp_96k_nick_hvd0037_rep025.wav to .75 due to clipping...
...reducing pre-gain on rehasp_96k_nick_hvd0032_rep026.wav to .75 due to clipping...
...reducing pre-gain on rehasp_96k_nick_hvd0045_rep027.wav to .75 due to clipping...
...reducing pre-gain on rehasp_96k_nick_hvd0037_rep029.wav to .75 due to clipping...
...reducing pre-gain on rehasp_96k_nick_hvd0045_rep031.wav to .75 due to clipping...
...reducing pre-gain on rehasp_96k_nick_hvd0034_rep032.wav to .75 due to clipping...
...reducing pre-gain on rehasp_96k_nick_hvd0005_rep034.wav to .75 due to clipping...
...reducing pre-gain on rehasp_96k_nick_hvd0086_rep034.wav to .75 due to clipping...
...reducing pre-gain on rehasp_96k_nick_hvd0034_rep035.wav to .75 due to clipping...
...reducing pre-gain on rehasp_96k_nick_hvd0032_rep036.wav to .75 due to clipping...
...reducing pre-gain on rehasp_96k_nick_hvd0034_rep037.wav to .75 due to clipping...
...reducing pre-gain on rehasp_96k_nick_hvd0045_rep039.wav to .75 due to clipping...
...reducing pre-gain on rehasp_96k_nick_hvd0034_rep044.wav to .75 due to clipping...
...reducing pre-gain on rehasp_96k_nick_hvd0034_rep045.wav to .75 due to clipping...
...reducing pre-gain on rehasp_96k_nick_hvd0087_rep047.wav to .75 due to clipping...
...reducing pre-gain on rehasp_96k_nick_hvd0037_rep049.wav to .75 due to clipping...
...reducing pre-gain on rehasp_96k_nick_hvd0032_rep051.wav to .75 due to clipping...
...reducing pre-gain on rehasp_96k_nick_hvd0036_rep052.wav to .75 due to clipping...
...reducing pre-gain on rehasp_96k_nick_hvd0086_rep053.wav to .75 due to clipping...
...reducing pre-gain on rehasp_96k_nick_hvd0034_rep056.wav to .75 due to clipping...
...reducing pre-gain on rehasp_96k_nick_hvd0072_rep060.wav to .75 due to clipping...
...reducing pre-gain on rehasp_96k_nick_hvd0082_rep064.wav to .75 due to clipping...
...reducing pre-gain on rehasp_96k_nick_hvd0072_rep066.wav to .75 due to clipping...
...reducing pre-gain on rehasp_96k_nick_hvd0034_rep067.wav to .75 due to clipping...
...reducing pre-gain on rehasp_96k_nick_hvd0036_rep068.wav to .75 due to clipping...
...reducing pre-gain on rehasp_96k_nick_hvd0045_rep068.wav to .75 due to clipping...
...reducing pre-gain on rehasp_96k_nick_hvd0074_rep068.wav to .75 due to clipping...
...reducing pre-gain on rehasp_96k_nick_hvd0034_rep069.wav to .75 due to clipping...
...reducing pre-gain on rehasp_96k_nick_hvd0037_rep069.wav to .75 due to clipping...
...reducing pre-gain on rehasp_96k_nick_hvd0086_rep070.wav to .75 due to clipping...
...reducing pre-gain on rehasp_96k_nick_hvd0037_rep072.wav to .75 due to clipping...
...reducing pre-gain on rehasp_96k_nick_hvd0072_rep072.wav to .75 due to clipping...
...reducing pre-gain on rehasp_96k_nick_hvd0045_rep074.wav to .75 due to clipping...
...reducing pre-gain on rehasp_96k_nick_hvd0032_rep075.wav to .75 due to clipping...
...reducing pre-gain on rehasp_96k_nick_hvd0034_rep075.wav to .75 due to clipping...
...reducing pre-gain on rehasp_96k_nick_hvd0032_rep077.wav to .75 due to clipping...
...reducing pre-gain on rehasp_96k_nick_hvd0037_rep077.wav to .75 due to clipping...
...reducing pre-gain on rehasp_96k_nick_hvd0037_rep079.wav to .75 due to clipping...
...reducing pre-gain on rehasp_96k_nick_hvd0037_rep081.wav to .75 due to clipping...
...reducing pre-gain on rehasp_96k_nick_hvd0036_rep083.wav to .75 due to clipping...
...reducing pre-gain on rehasp_96k_nick_nws0035_rep001.wav to .75 due to clipping...
...reducing pre-gain on rehasp_96k_nick_nws0101_rep001.wav to .75 due to clipping...
...reducing pre-gain on rehasp_96k_nick_nws0150_rep001.wav to .75 due to clipping...
...reducing pre-gain on rehasp_96k_nick_nws0486_rep001.wav to .75 due to clipping...
...reducing pre-gain on rehasp_96k_nick_nws0494_rep001.wav to .75 due to clipping...
...reducing pre-gain on rehasp_96k_nick_nws0827_rep001.wav to .75 due to clipping...
...reducing pre-gain on rehasp_96k_nick_nws0958_rep001.wav to .75 due to clipping...
...reducing pre-gain on rehasp_96k_nick_nws1299_rep001.wav to .75 due to clipping...
...reducing pre-gain on rehasp_96k_nick_nws1305_rep001.wav to .75 due to clipping...
...reducing pre-gain on rehasp_96k_nick_nws1452_rep001.wav to .75 due to clipping...
...reducing pre-gain on rehasp_96k_nick_nws1515_rep001.wav to .75 due to clipping...
...reducing pre-gain on rehasp_96k_nick_nws1586_rep001.wav to .75 due to clipping...
...reducing pre-gain on rehasp_96k_nick_nws1660_rep001.wav to .75 due to clipping...
...reducing pre-gain on rehasp_96k_nick_nws1701_rep001.wav to .75 due to clipping...
...reducing pre-gain on rehasp_96k_nick_nws1704_rep001.wav to .75 due to clipping...
...reducing pre-gain on rehasp_96k_nick_nws1720_rep001.wav to .75 due to clipping...
...reducing pre-gain on rehasp_96k_nick_nws1755_rep001.wav to .75 due to clipping...
...reducing pre-gain on rehasp_96k_nick_nws1830_rep001.wav to .75 due to clipping...
...reducing pre-gain on rehasp_96k_nick_nws2173_rep001.wav to .75 due to clipping...
...reducing pre-gain on rehasp_96k_nick_nws2362_rep001.wav to .75 due to clipping...
...reducing pre-gain on rehasp_96k_nick_nws2382_rep001.wav to .75 due to clipping...
...reducing pre-gain on rehasp_96k_nick_nws2577_rep001.wav to .75 due to clipping...
...reducing pre-gain on rehasp_96k_nick_nws2832_rep001.wav to .75 due to clipping...
...reducing pre-gain on rehasp_96k_nick_son0001_rep020.wav to .75 due to clipping...
...reducing pre-gain on rehasp_96k_nick_son0001_rep065.wav to .75 due to clipping...
...reducing pre-gain on rehasp_96k_nick_son0004_rep073.wav to .75 due to clipping...
...reducing pre-gain on rehasp_96k_nick_son0001_rep078.wav to .75 due to clipping...
...reducing pre-gain on rehasp_96k_nick_son0001_rep082.wav to .75 due to clipping...
...reducing pre-gain on rehasp_96k_nick_stl0002_rep001.wav to .75 due to clipping...
Done
